{
  "numTotalTestSuites": 91,
  "numPassedTestSuites": 85,
  "numFailedTestSuites": 6,
  "numPendingTestSuites": 0,
  "numTotalTests": 159,
  "numPassedTests": 149,
  "numFailedTests": 10,
  "numPendingTests": 0,
  "numTodoTests": 0,
  "snapshot": {
    "added": 0,
    "failure": false,
    "filesAdded": 0,
    "filesRemoved": 0,
    "filesRemovedList": [],
    "filesUnmatched": 0,
    "filesUpdated": 0,
    "matched": 0,
    "total": 0,
    "unchecked": 0,
    "uncheckedKeysByFile": [],
    "unmatched": 0,
    "updated": 0,
    "didUpdate": false
  },
  "startTime": 1769676443012,
  "success": false,
  "testResults": [
    {
      "assertionResults": [
        {
          "ancestorTitles": [
            "Admin Homes Owner Assignment"
          ],
          "fullName": "Admin Homes Owner Assignment renders page title",
          "status": "passed",
          "title": "renders page title",
          "duration": 110.05074999999988,
          "failureMessages": [],
          "meta": {}
        },
        {
          "ancestorTitles": [
            "Admin Homes Owner Assignment"
          ],
          "fullName": "Admin Homes Owner Assignment owners API returns all users regardless of claims",
          "status": "passed",
          "title": "owners API returns all users regardless of claims",
          "duration": 105.33600000000001,
          "failureMessages": [],
          "meta": {}
        },
        {
          "ancestorTitles": [
            "Admin Homes Owner Assignment"
          ],
          "fullName": "Admin Homes Owner Assignment assigning home to owner updates successfully",
          "status": "passed",
          "title": "assigning home to owner updates successfully",
          "duration": 160.41420800000014,
          "failureMessages": [],
          "meta": {}
        },
        {
          "ancestorTitles": [
            "Admin Homes Owner Assignment"
          ],
          "fullName": "Admin Homes Owner Assignment unassigning home from owner updates successfully",
          "status": "passed",
          "title": "unassigning home from owner updates successfully",
          "duration": 131.22979199999963,
          "failureMessages": [],
          "meta": {}
        },
        {
          "ancestorTitles": [
            "Admin Homes Owner Assignment"
          ],
          "fullName": "Admin Homes Owner Assignment changing owner from user1 to user2 updates successfully",
          "status": "passed",
          "title": "changing owner from user1 to user2 updates successfully",
          "duration": 105.0921659999999,
          "failureMessages": [],
          "meta": {}
        },
        {
          "ancestorTitles": [
            "Admin Homes Owner Assignment"
          ],
          "fullName": "Admin Homes Owner Assignment home update succeeds even if backend has errors (error handling)",
          "status": "passed",
          "title": "home update succeeds even if backend has errors (error handling)",
          "duration": 125.79887499999995,
          "failureMessages": [],
          "meta": {}
        },
        {
          "ancestorTitles": [
            "Admin Homes Owner Assignment"
          ],
          "fullName": "Admin Homes Owner Assignment edit page displays owners dropdown when users exist",
          "status": "passed",
          "title": "edit page displays owners dropdown when users exist",
          "duration": 105.48237500000005,
          "failureMessages": [],
          "meta": {}
        },
        {
          "ancestorTitles": [
            "Admin Homes Owner Assignment"
          ],
          "fullName": "Admin Homes Owner Assignment empty state message displays when no users available",
          "status": "passed",
          "title": "empty state message displays when no users available",
          "duration": 111.24358399999983,
          "failureMessages": [],
          "meta": {}
        }
      ],
      "startTime": 1769676444952,
      "endTime": 1769676445907.2437,
      "status": "passed",
      "message": "",
      "name": "/Users/nco/Coffez-Labs/giens-ch/tests/integration/admin-homes-owners.test.ts"
    },
    {
      "assertionResults": [
        {
          "ancestorTitles": [
            "Admin Homes Page"
          ],
          "fullName": "Admin Homes Page renders page title",
          "status": "passed",
          "title": "renders page title",
          "duration": 17.853875000000016,
          "failureMessages": [],
          "meta": {}
        },
        {
          "ancestorTitles": [
            "Admin Homes Page"
          ],
          "fullName": "Admin Homes Page fetches and displays homes from API",
          "status": "passed",
          "title": "fetches and displays homes from API",
          "duration": 2.5535409999999956,
          "failureMessages": [],
          "meta": {}
        },
        {
          "ancestorTitles": [
            "Admin Homes Page"
          ],
          "fullName": "Admin Homes Page show/hide disabled toggle exists",
          "status": "passed",
          "title": "show/hide disabled toggle exists",
          "duration": 2.2223750000000564,
          "failureMessages": [],
          "meta": {}
        },
        {
          "ancestorTitles": [
            "Admin Homes Page"
          ],
          "fullName": "Admin Homes Page displays loading state initially",
          "status": "passed",
          "title": "displays loading state initially",
          "duration": 2.616792000000032,
          "failureMessages": [],
          "meta": {}
        },
        {
          "ancestorTitles": [
            "Admin Homes Page"
          ],
          "fullName": "Admin Homes Page displays home count badges when homes are loaded",
          "status": "passed",
          "title": "displays home count badges when homes are loaded",
          "duration": 205.004416,
          "failureMessages": [],
          "meta": {}
        },
        {
          "ancestorTitles": [
            "Admin Homes Page"
          ],
          "fullName": "Admin Homes Page displays error message when API fails",
          "status": "passed",
          "title": "displays error message when API fails",
          "duration": 215.86462500000016,
          "failureMessages": [],
          "meta": {}
        }
      ],
      "startTime": 1769676445058,
      "endTime": 1769676445504.8647,
      "status": "passed",
      "message": "",
      "name": "/Users/nco/Coffez-Labs/giens-ch/tests/integration/admin-homes-page.test.ts"
    },
    {
      "assertionResults": [
        {
          "ancestorTitles": [
            "API Error Utilities",
            "createApiError"
          ],
          "fullName": "API Error Utilities createApiError should create an API error with statusCode and message",
          "status": "passed",
          "title": "should create an API error with statusCode and message",
          "duration": 0.6685419999998885,
          "failureMessages": [],
          "meta": {}
        },
        {
          "ancestorTitles": [
            "API Error Utilities",
            "createApiError"
          ],
          "fullName": "API Error Utilities createApiError should create an API error with data",
          "status": "passed",
          "title": "should create an API error with data",
          "duration": 0.29358399999989615,
          "failureMessages": [],
          "meta": {}
        },
        {
          "ancestorTitles": [
            "API Error Utilities",
            "isApiError"
          ],
          "fullName": "API Error Utilities isApiError should return truthy for API errors",
          "status": "passed",
          "title": "should return truthy for API errors",
          "duration": 0.06366700000000947,
          "failureMessages": [],
          "meta": {}
        },
        {
          "ancestorTitles": [
            "API Error Utilities",
            "isApiError"
          ],
          "fullName": "API Error Utilities isApiError should return falsy for non-API errors",
          "status": "passed",
          "title": "should return falsy for non-API errors",
          "duration": 0.08387500000003456,
          "failureMessages": [],
          "meta": {}
        },
        {
          "ancestorTitles": [
            "API Error Utilities",
            "handleApiError"
          ],
          "fullName": "API Error Utilities handleApiError should return API errors as-is",
          "status": "passed",
          "title": "should return API errors as-is",
          "duration": 0.07420799999999872,
          "failureMessages": [],
          "meta": {}
        },
        {
          "ancestorTitles": [
            "API Error Utilities",
            "handleApiError"
          ],
          "fullName": "API Error Utilities handleApiError should handle errors with statusCode and message",
          "status": "passed",
          "title": "should handle errors with statusCode and message",
          "duration": 0.11004100000002381,
          "failureMessages": [],
          "meta": {}
        },
        {
          "ancestorTitles": [
            "API Error Utilities",
            "handleApiError"
          ],
          "fullName": "API Error Utilities handleApiError should handle Firebase auth errors with known codes",
          "status": "passed",
          "title": "should handle Firebase auth errors with known codes",
          "duration": 0.09987499999999727,
          "failureMessages": [],
          "meta": {}
        },
        {
          "ancestorTitles": [
            "API Error Utilities",
            "handleApiError"
          ],
          "fullName": "API Error Utilities handleApiError should handle Firebase auth errors with unknown codes",
          "status": "passed",
          "title": "should handle Firebase auth errors with unknown codes",
          "duration": 0.0833749999999327,
          "failureMessages": [],
          "meta": {}
        },
        {
          "ancestorTitles": [
            "API Error Utilities",
            "handleApiError"
          ],
          "fullName": "API Error Utilities handleApiError should handle Firebase auth errors without message",
          "status": "passed",
          "title": "should handle Firebase auth errors without message",
          "duration": 0.04608399999995072,
          "failureMessages": [],
          "meta": {}
        },
        {
          "ancestorTitles": [
            "API Error Utilities",
            "handleApiError"
          ],
          "fullName": "API Error Utilities handleApiError should handle network errors",
          "status": "passed",
          "title": "should handle network errors",
          "duration": 0.09620800000004692,
          "failureMessages": [],
          "meta": {}
        },
        {
          "ancestorTitles": [
            "API Error Utilities",
            "handleApiError"
          ],
          "fullName": "API Error Utilities handleApiError should handle generic errors with message",
          "status": "passed",
          "title": "should handle generic errors with message",
          "duration": 0.050333999999907064,
          "failureMessages": [],
          "meta": {}
        },
        {
          "ancestorTitles": [
            "API Error Utilities",
            "handleApiError"
          ],
          "fullName": "API Error Utilities handleApiError should handle errors without message",
          "status": "passed",
          "title": "should handle errors without message",
          "duration": 0.039083000000005086,
          "failureMessages": [],
          "meta": {}
        },
        {
          "ancestorTitles": [
            "API Error Utilities",
            "safeJsonParse"
          ],
          "fullName": "API Error Utilities safeJsonParse should parse valid JSON",
          "status": "passed",
          "title": "should parse valid JSON",
          "duration": 0.05999999999994543,
          "failureMessages": [],
          "meta": {}
        },
        {
          "ancestorTitles": [
            "API Error Utilities",
            "safeJsonParse"
          ],
          "fullName": "API Error Utilities safeJsonParse should return fallback for invalid JSON",
          "status": "passed",
          "title": "should return fallback for invalid JSON",
          "duration": 0.04062499999997726,
          "failureMessages": [],
          "meta": {}
        },
        {
          "ancestorTitles": [
            "API Error Utilities",
            "safeJsonParse"
          ],
          "fullName": "API Error Utilities safeJsonParse should return fallback for empty string",
          "status": "passed",
          "title": "should return fallback for empty string",
          "duration": 0.03274999999996453,
          "failureMessages": [],
          "meta": {}
        }
      ],
      "startTime": 1769676447301,
      "endTime": 1769676447303.11,
      "status": "passed",
      "message": "",
      "name": "/Users/nco/Coffez-Labs/giens-ch/tests/integration/apiError-utils.test.ts"
    },
    {
      "assertionResults": [
        {
          "ancestorTitles": [
            "Article Page"
          ],
          "fullName": "Article Page renders article content",
          "status": "passed",
          "title": "renders article content",
          "duration": 127.8672919999999,
          "failureMessages": [],
          "meta": {}
        },
        {
          "ancestorTitles": [
            "Article Page"
          ],
          "fullName": "Article Page shows error message on failure",
          "status": "passed",
          "title": "shows error message on failure",
          "duration": 112.39125000000013,
          "failureMessages": [],
          "meta": {}
        }
      ],
      "startTime": 1769676444878,
      "endTime": 1769676445118.3914,
      "status": "passed",
      "message": "",
      "name": "/Users/nco/Coffez-Labs/giens-ch/tests/integration/article-page.test.ts"
    },
    {
      "assertionResults": [
        {
          "ancestorTitles": [
            "Auth Utils",
            "getUserClaims"
          ],
          "fullName": "Auth Utils getUserClaims should return null when Authorization header is missing",
          "status": "passed",
          "title": "should return null when Authorization header is missing",
          "duration": 0.6738329999999451,
          "failureMessages": [],
          "meta": {}
        },
        {
          "ancestorTitles": [
            "Auth Utils",
            "getUserClaims"
          ],
          "fullName": "Auth Utils getUserClaims should return null when Authorization header doesn't start with Bearer",
          "status": "passed",
          "title": "should return null when Authorization header doesn't start with Bearer",
          "duration": 0.10987499999998818,
          "failureMessages": [],
          "meta": {}
        },
        {
          "ancestorTitles": [
            "Auth Utils",
            "getUserClaims"
          ],
          "fullName": "Auth Utils getUserClaims should extract token from Bearer header",
          "status": "passed",
          "title": "should extract token from Bearer header",
          "duration": 0.061249999999972715,
          "failureMessages": [],
          "meta": {}
        },
        {
          "ancestorTitles": [
            "Auth Utils",
            "getUserClaims"
          ],
          "fullName": "Auth Utils getUserClaims should handle empty token",
          "status": "passed",
          "title": "should handle empty token",
          "duration": 0.04570899999998801,
          "failureMessages": [],
          "meta": {}
        },
        {
          "ancestorTitles": [
            "Auth Utils",
            "getUserPermission"
          ],
          "fullName": "Auth Utils getUserPermission should return public when claims is null",
          "status": "passed",
          "title": "should return public when claims is null",
          "duration": 0.047333000000094216,
          "failureMessages": [],
          "meta": {}
        },
        {
          "ancestorTitles": [
            "Auth Utils",
            "getUserPermission"
          ],
          "fullName": "Auth Utils getUserPermission should return public when user has no reader claims",
          "status": "passed",
          "title": "should return public when user has no reader claims",
          "duration": 0.04291699999998855,
          "failureMessages": [],
          "meta": {}
        },
        {
          "ancestorTitles": [
            "Auth Utils",
            "getUserPermission"
          ],
          "fullName": "Auth Utils getUserPermission should return private when user is admin",
          "status": "passed",
          "title": "should return private when user is admin",
          "duration": 0.054832999999916865,
          "failureMessages": [],
          "meta": {}
        },
        {
          "ancestorTitles": [
            "Auth Utils",
            "getUserPermission"
          ],
          "fullName": "Auth Utils getUserPermission should return private when user is publisher",
          "status": "passed",
          "title": "should return private when user is publisher",
          "duration": 0.038374999999973625,
          "failureMessages": [],
          "meta": {}
        },
        {
          "ancestorTitles": [
            "Auth Utils",
            "getUserPermission"
          ],
          "fullName": "Auth Utils getUserPermission should return private when user is owner",
          "status": "passed",
          "title": "should return private when user is owner",
          "duration": 0.042416000000002896,
          "failureMessages": [],
          "meta": {}
        },
        {
          "ancestorTitles": [
            "Auth Utils",
            "getUserPermission"
          ],
          "fullName": "Auth Utils getUserPermission should return private when user is reader",
          "status": "passed",
          "title": "should return private when user is reader",
          "duration": 0.036875000000009095,
          "failureMessages": [],
          "meta": {}
        }
      ],
      "startTime": 1769676447522,
      "endTime": 1769676447524.0425,
      "status": "passed",
      "message": "",
      "name": "/Users/nco/Coffez-Labs/giens-ch/tests/integration/auth-utils.test.ts"
    },
    {
      "assertionResults": [
        {
          "ancestorTitles": [
            "Avatar Component Fallback Logic",
            "Image source fallback"
          ],
          "fullName": "Avatar Component Fallback Logic Image source fallback should use photoURL when provided",
          "status": "passed",
          "title": "should use photoURL when provided",
          "duration": 0.6079579999999396,
          "failureMessages": [],
          "meta": {}
        },
        {
          "ancestorTitles": [
            "Avatar Component Fallback Logic",
            "Image source fallback"
          ],
          "fullName": "Avatar Component Fallback Logic Image source fallback should use placeholder when photoURL is null",
          "status": "passed",
          "title": "should use placeholder when photoURL is null",
          "duration": 0.060916999999903965,
          "failureMessages": [],
          "meta": {}
        },
        {
          "ancestorTitles": [
            "Avatar Component Fallback Logic",
            "Image source fallback"
          ],
          "fullName": "Avatar Component Fallback Logic Image source fallback should use placeholder when photoURL is undefined",
          "status": "passed",
          "title": "should use placeholder when photoURL is undefined",
          "duration": 0.03929199999993216,
          "failureMessages": [],
          "meta": {}
        },
        {
          "ancestorTitles": [
            "Avatar Component Fallback Logic",
            "Image source fallback"
          ],
          "fullName": "Avatar Component Fallback Logic Image source fallback should use placeholder when photoURL is empty",
          "status": "passed",
          "title": "should use placeholder when photoURL is empty",
          "duration": 0.03300000000001546,
          "failureMessages": [],
          "meta": {}
        },
        {
          "ancestorTitles": [
            "Avatar Component Fallback Logic",
            "Alt text fallback"
          ],
          "fullName": "Avatar Component Fallback Logic Alt text fallback should use displayName when provided",
          "status": "passed",
          "title": "should use displayName when provided",
          "duration": 0.03958299999999326,
          "failureMessages": [],
          "meta": {}
        },
        {
          "ancestorTitles": [
            "Avatar Component Fallback Logic",
            "Alt text fallback"
          ],
          "fullName": "Avatar Component Fallback Logic Alt text fallback should use fallback when displayName is null",
          "status": "passed",
          "title": "should use fallback when displayName is null",
          "duration": 0.03070900000000165,
          "failureMessages": [],
          "meta": {}
        },
        {
          "ancestorTitles": [
            "Avatar Component Fallback Logic",
            "Alt text fallback"
          ],
          "fullName": "Avatar Component Fallback Logic Alt text fallback should use fallback when displayName is undefined",
          "status": "passed",
          "title": "should use fallback when displayName is undefined",
          "duration": 0.027582999999935964,
          "failureMessages": [],
          "meta": {}
        },
        {
          "ancestorTitles": [
            "Avatar Component Fallback Logic",
            "Alt text fallback"
          ],
          "fullName": "Avatar Component Fallback Logic Alt text fallback should use fallback when displayName is empty",
          "status": "passed",
          "title": "should use fallback when displayName is empty",
          "duration": 0.026917000000025837,
          "failureMessages": [],
          "meta": {}
        },
        {
          "ancestorTitles": [
            "Avatar Component Fallback Logic",
            "Title fallback"
          ],
          "fullName": "Avatar Component Fallback Logic Title fallback should use displayName when provided",
          "status": "passed",
          "title": "should use displayName when provided",
          "duration": 0.04141700000002402,
          "failureMessages": [],
          "meta": {}
        },
        {
          "ancestorTitles": [
            "Avatar Component Fallback Logic",
            "Title fallback"
          ],
          "fullName": "Avatar Component Fallback Logic Title fallback should use fallback when displayName is null",
          "status": "passed",
          "title": "should use fallback when displayName is null",
          "duration": 0.028249999999957254,
          "failureMessages": [],
          "meta": {}
        },
        {
          "ancestorTitles": [
            "Avatar Component Fallback Logic",
            "Title fallback"
          ],
          "fullName": "Avatar Component Fallback Logic Title fallback should use fallback when displayName is undefined",
          "status": "passed",
          "title": "should use fallback when displayName is undefined",
          "duration": 0.025999999999953616,
          "failureMessages": [],
          "meta": {}
        },
        {
          "ancestorTitles": [
            "Avatar Component Fallback Logic",
            "Complete user object scenarios"
          ],
          "fullName": "Avatar Component Fallback Logic Complete user object scenarios should handle complete user object",
          "status": "passed",
          "title": "should handle complete user object",
          "duration": 0.04833299999995688,
          "failureMessages": [],
          "meta": {}
        },
        {
          "ancestorTitles": [
            "Avatar Component Fallback Logic",
            "Complete user object scenarios"
          ],
          "fullName": "Avatar Component Fallback Logic Complete user object scenarios should handle user with no photo",
          "status": "passed",
          "title": "should handle user with no photo",
          "duration": 0.042374999999992724,
          "failureMessages": [],
          "meta": {}
        },
        {
          "ancestorTitles": [
            "Avatar Component Fallback Logic",
            "Complete user object scenarios"
          ],
          "fullName": "Avatar Component Fallback Logic Complete user object scenarios should handle user with photo but no name",
          "status": "passed",
          "title": "should handle user with photo but no name",
          "duration": 0.04979100000002745,
          "failureMessages": [],
          "meta": {}
        },
        {
          "ancestorTitles": [
            "Avatar Component Fallback Logic",
            "Complete user object scenarios"
          ],
          "fullName": "Avatar Component Fallback Logic Complete user object scenarios should handle user with no photo and no name",
          "status": "passed",
          "title": "should handle user with no photo and no name",
          "duration": 0.056042000000047665,
          "failureMessages": [],
          "meta": {}
        }
      ],
      "startTime": 1769676447533,
      "endTime": 1769676447534.061,
      "status": "passed",
      "message": "",
      "name": "/Users/nco/Coffez-Labs/giens-ch/tests/integration/avatar-fallbacks.test.ts"
    },
    {
      "assertionResults": [
        {
          "ancestorTitles": [
            "News Filters"
          ],
          "fullName": "News Filters filters by tag via route",
          "status": "passed",
          "title": "filters by tag via route",
          "duration": 273.19095800000014,
          "failureMessages": [],
          "meta": {}
        },
        {
          "ancestorTitles": [
            "News Filters"
          ],
          "fullName": "News Filters filters by search query with debouncing",
          "status": "passed",
          "title": "filters by search query with debouncing",
          "duration": 855.4124580000002,
          "failureMessages": [],
          "meta": {}
        },
        {
          "ancestorTitles": [
            "News Filters"
          ],
          "fullName": "News Filters filters by combined tag and search",
          "status": "passed",
          "title": "filters by combined tag and search",
          "duration": 891.6814169999998,
          "failureMessages": [],
          "meta": {}
        },
        {
          "ancestorTitles": [
            "News Filters"
          ],
          "fullName": "News Filters filters by author",
          "status": "passed",
          "title": "filters by author",
          "duration": 298.8077089999997,
          "failureMessages": [],
          "meta": {}
        },
        {
          "ancestorTitles": [
            "News Filters"
          ],
          "fullName": "News Filters filters by date range",
          "status": "passed",
          "title": "filters by date range",
          "duration": 244.74516700000004,
          "failureMessages": [],
          "meta": {}
        }
      ],
      "startTime": 1769676444991,
      "endTime": 1769676447555.745,
      "status": "passed",
      "message": "",
      "name": "/Users/nco/Coffez-Labs/giens-ch/tests/integration/filters.test.ts"
    },
    {
      "assertionResults": [
        {
          "ancestorTitles": [
            "Hero Component Logic",
            "getResponsiveImage function"
          ],
          "fullName": "Hero Component Logic getResponsiveImage function should return empty string when src is undefined",
          "status": "passed",
          "title": "should return empty string when src is undefined",
          "duration": 1.366166000000021,
          "failureMessages": [],
          "meta": {}
        },
        {
          "ancestorTitles": [
            "Hero Component Logic",
            "getResponsiveImage function"
          ],
          "fullName": "Hero Component Logic getResponsiveImage function should return empty string when src is null",
          "status": "passed",
          "title": "should return empty string when src is null",
          "duration": 0.14083300000004328,
          "failureMessages": [],
          "meta": {}
        },
        {
          "ancestorTitles": [
            "Hero Component Logic",
            "getResponsiveImage function"
          ],
          "fullName": "Hero Component Logic getResponsiveImage function should return empty string when src is empty",
          "status": "passed",
          "title": "should return empty string when src is empty",
          "duration": 0.08491700000001856,
          "failureMessages": [],
          "meta": {}
        },
        {
          "ancestorTitles": [
            "Hero Component Logic",
            "getResponsiveImage function"
          ],
          "fullName": "Hero Component Logic getResponsiveImage function should convert JPG to WebP format",
          "status": "passed",
          "title": "should convert JPG to WebP format",
          "duration": 0.12250000000005912,
          "failureMessages": [],
          "meta": {}
        },
        {
          "ancestorTitles": [
            "Hero Component Logic",
            "getResponsiveImage function"
          ],
          "fullName": "Hero Component Logic getResponsiveImage function should convert JPEG to WebP format",
          "status": "passed",
          "title": "should convert JPEG to WebP format",
          "duration": 0.13237500000002456,
          "failureMessages": [],
          "meta": {}
        },
        {
          "ancestorTitles": [
            "Hero Component Logic",
            "getResponsiveImage function"
          ],
          "fullName": "Hero Component Logic getResponsiveImage function should convert any path with WebP format",
          "status": "passed",
          "title": "should convert any path with WebP format",
          "duration": 0.07983400000000529,
          "failureMessages": [],
          "meta": {}
        },
        {
          "ancestorTitles": [
            "Hero Component Logic",
            "getResponsiveImage function"
          ],
          "fullName": "Hero Component Logic getResponsiveImage function should handle filename with multiple dots",
          "status": "passed",
          "title": "should handle filename with multiple dots",
          "duration": 0.0730829999999969,
          "failureMessages": [],
          "meta": {}
        },
        {
          "ancestorTitles": [
            "Hero Component Logic",
            "getResponsiveImage function"
          ],
          "fullName": "Hero Component Logic getResponsiveImage function should handle unknown format by keeping extension",
          "status": "passed",
          "title": "should handle unknown format by keeping extension",
          "duration": 0.0751669999999649,
          "failureMessages": [],
          "meta": {}
        },
        {
          "ancestorTitles": [
            "Hero Component Logic",
            "Conditional Rendering"
          ],
          "fullName": "Hero Component Logic Conditional Rendering should render picture when src is provided",
          "status": "passed",
          "title": "should render picture when src is provided",
          "duration": 0.10566700000003948,
          "failureMessages": [],
          "meta": {}
        },
        {
          "ancestorTitles": [
            "Hero Component Logic",
            "Conditional Rendering"
          ],
          "fullName": "Hero Component Logic Conditional Rendering should not render picture when src is not provided",
          "status": "passed",
          "title": "should not render picture when src is not provided",
          "duration": 0.0707079999999678,
          "failureMessages": [],
          "meta": {}
        },
        {
          "ancestorTitles": [
            "Hero Component Logic",
            "Conditional Rendering"
          ],
          "fullName": "Hero Component Logic Conditional Rendering should render subtitle when subtitle is provided",
          "status": "passed",
          "title": "should render subtitle when subtitle is provided",
          "duration": 0.09258299999999053,
          "failureMessages": [],
          "meta": {}
        },
        {
          "ancestorTitles": [
            "Hero Component Logic",
            "Conditional Rendering"
          ],
          "fullName": "Hero Component Logic Conditional Rendering should not render subtitle when subtitle is not provided",
          "status": "passed",
          "title": "should not render subtitle when subtitle is not provided",
          "duration": 0.06550000000004275,
          "failureMessages": [],
          "meta": {}
        },
        {
          "ancestorTitles": [
            "Hero Component Logic",
            "Conditional Rendering"
          ],
          "fullName": "Hero Component Logic Conditional Rendering should use default height when height prop is not provided",
          "status": "passed",
          "title": "should use default height when height prop is not provided",
          "duration": 0.06879100000003291,
          "failureMessages": [],
          "meta": {}
        },
        {
          "ancestorTitles": [
            "Hero Component Logic",
            "Conditional Rendering"
          ],
          "fullName": "Hero Component Logic Conditional Rendering should use custom height when height prop is provided",
          "status": "passed",
          "title": "should use custom height when height prop is provided",
          "duration": 0.0690829999999778,
          "failureMessages": [],
          "meta": {}
        },
        {
          "ancestorTitles": [
            "Hero Component Logic",
            "Image Source Selection"
          ],
          "fullName": "Hero Component Logic Image Source Selection should select different sizes for different media queries",
          "status": "passed",
          "title": "should select different sizes for different media queries",
          "duration": 0.12729200000001129,
          "failureMessages": [],
          "meta": {}
        }
      ],
      "startTime": 1769676447337,
      "endTime": 1769676447340.1272,
      "status": "passed",
      "message": "",
      "name": "/Users/nco/Coffez-Labs/giens-ch/tests/integration/hero-branches.test.ts"
    },
    {
      "assertionResults": [
        {
          "ancestorTitles": [
            "Home Page"
          ],
          "fullName": "Home Page renders the welcome title",
          "status": "passed",
          "title": "renders the welcome title",
          "duration": 45.13362499999994,
          "failureMessages": [],
          "meta": {}
        },
        {
          "ancestorTitles": [
            "Home Page"
          ],
          "fullName": "Home Page renders feature cards",
          "status": "passed",
          "title": "renders feature cards",
          "duration": 31.58887500000003,
          "failureMessages": [],
          "meta": {}
        }
      ],
      "startTime": 1769676445395,
      "endTime": 1769676445471.5889,
      "status": "passed",
      "message": "",
      "name": "/Users/nco/Coffez-Labs/giens-ch/tests/integration/home.test.ts"
    },
    {
      "assertionResults": [
        {
          "ancestorTitles": [
            "Homes Index Page"
          ],
          "fullName": "Homes Index Page renders page structure",
          "status": "passed",
          "title": "renders page structure",
          "duration": 6.3673330000000306,
          "failureMessages": [],
          "meta": {}
        }
      ],
      "startTime": 1769676446762,
      "endTime": 1769676446768.3674,
      "status": "passed",
      "message": "",
      "name": "/Users/nco/Coffez-Labs/giens-ch/tests/integration/homes-index.test.ts"
    },
    {
      "assertionResults": [
        {
          "ancestorTitles": [
            "Login Page"
          ],
          "fullName": "Login Page renders login form",
          "status": "passed",
          "title": "renders login form",
          "duration": 46.07820800000002,
          "failureMessages": [],
          "meta": {}
        }
      ],
      "startTime": 1769676445688,
      "endTime": 1769676445734.0781,
      "status": "passed",
      "message": "",
      "name": "/Users/nco/Coffez-Labs/giens-ch/tests/integration/login.test.ts"
    },
    {
      "assertionResults": [
        {
          "ancestorTitles": [
            "Middleware"
          ],
          "fullName": "Middleware is-admin: allows admin, redirects non-admin",
          "status": "failed",
          "title": "is-admin: allows admin, redirects non-admin",
          "duration": 4.19070899999997,
          "failureMessages": [
            "AssertionError: expected Promise{…} to be true // Object.is equality\n    at /Users/nco/Coffez-Labs/giens-ch/tests/integration/middleware.test.ts:24:29\n    at file:///Users/nco/Coffez-Labs/giens-ch/node_modules/@vitest/runner/dist/index.js:145:11\n    at file:///Users/nco/Coffez-Labs/giens-ch/node_modules/@vitest/runner/dist/index.js:915:26\n    at file:///Users/nco/Coffez-Labs/giens-ch/node_modules/@vitest/runner/dist/index.js:1243:20\n    at new Promise (<anonymous>)\n    at runWithTimeout (file:///Users/nco/Coffez-Labs/giens-ch/node_modules/@vitest/runner/dist/index.js:1209:10)\n    at file:///Users/nco/Coffez-Labs/giens-ch/node_modules/@vitest/runner/dist/index.js:1653:37\n    at Traces.$ (file:///Users/nco/Coffez-Labs/giens-ch/node_modules/vitest/dist/chunks/traces.CCmnQaNT.js:142:27)\n    at trace (file:///Users/nco/Coffez-Labs/giens-ch/node_modules/vitest/dist/chunks/test.B8ej_ZHS.js:239:21)\n    at runTest (file:///Users/nco/Coffez-Labs/giens-ch/node_modules/@vitest/runner/dist/index.js:1653:12)"
          ],
          "meta": {}
        },
        {
          "ancestorTitles": [
            "Middleware"
          ],
          "fullName": "Middleware is-owner: allows owner, redirects non-owner",
          "status": "failed",
          "title": "is-owner: allows owner, redirects non-owner",
          "duration": 0.42420799999990777,
          "failureMessages": [
            "AssertionError: expected Promise{…} to be true // Object.is equality\n    at /Users/nco/Coffez-Labs/giens-ch/tests/integration/middleware.test.ts:35:29\n    at file:///Users/nco/Coffez-Labs/giens-ch/node_modules/@vitest/runner/dist/index.js:145:11\n    at file:///Users/nco/Coffez-Labs/giens-ch/node_modules/@vitest/runner/dist/index.js:915:26\n    at file:///Users/nco/Coffez-Labs/giens-ch/node_modules/@vitest/runner/dist/index.js:1243:20\n    at new Promise (<anonymous>)\n    at runWithTimeout (file:///Users/nco/Coffez-Labs/giens-ch/node_modules/@vitest/runner/dist/index.js:1209:10)\n    at file:///Users/nco/Coffez-Labs/giens-ch/node_modules/@vitest/runner/dist/index.js:1653:37\n    at Traces.$ (file:///Users/nco/Coffez-Labs/giens-ch/node_modules/vitest/dist/chunks/traces.CCmnQaNT.js:142:27)\n    at trace (file:///Users/nco/Coffez-Labs/giens-ch/node_modules/vitest/dist/chunks/test.B8ej_ZHS.js:239:21)\n    at runTest (file:///Users/nco/Coffez-Labs/giens-ch/node_modules/@vitest/runner/dist/index.js:1653:12)"
          ],
          "meta": {}
        },
        {
          "ancestorTitles": [
            "Middleware"
          ],
          "fullName": "Middleware is-publisher: allows publisher, redirects non-publisher",
          "status": "failed",
          "title": "is-publisher: allows publisher, redirects non-publisher",
          "duration": 0.2770829999999478,
          "failureMessages": [
            "AssertionError: expected Promise{…} to be true // Object.is equality\n    at /Users/nco/Coffez-Labs/giens-ch/tests/integration/middleware.test.ts:46:33\n    at file:///Users/nco/Coffez-Labs/giens-ch/node_modules/@vitest/runner/dist/index.js:145:11\n    at file:///Users/nco/Coffez-Labs/giens-ch/node_modules/@vitest/runner/dist/index.js:915:26\n    at file:///Users/nco/Coffez-Labs/giens-ch/node_modules/@vitest/runner/dist/index.js:1243:20\n    at new Promise (<anonymous>)\n    at runWithTimeout (file:///Users/nco/Coffez-Labs/giens-ch/node_modules/@vitest/runner/dist/index.js:1209:10)\n    at file:///Users/nco/Coffez-Labs/giens-ch/node_modules/@vitest/runner/dist/index.js:1653:37\n    at Traces.$ (file:///Users/nco/Coffez-Labs/giens-ch/node_modules/vitest/dist/chunks/traces.CCmnQaNT.js:142:27)\n    at trace (file:///Users/nco/Coffez-Labs/giens-ch/node_modules/vitest/dist/chunks/test.B8ej_ZHS.js:239:21)\n    at runTest (file:///Users/nco/Coffez-Labs/giens-ch/node_modules/@vitest/runner/dist/index.js:1653:12)"
          ],
          "meta": {}
        },
        {
          "ancestorTitles": [
            "Middleware"
          ],
          "fullName": "Middleware is-logged-in: allows logged in, redirects not logged in",
          "status": "failed",
          "title": "is-logged-in: allows logged in, redirects not logged in",
          "duration": 0.27454199999988305,
          "failureMessages": [
            "AssertionError: expected Promise{…} to be true // Object.is equality\n    at /Users/nco/Coffez-Labs/giens-ch/tests/integration/middleware.test.ts:57:30\n    at file:///Users/nco/Coffez-Labs/giens-ch/node_modules/@vitest/runner/dist/index.js:145:11\n    at file:///Users/nco/Coffez-Labs/giens-ch/node_modules/@vitest/runner/dist/index.js:915:26\n    at file:///Users/nco/Coffez-Labs/giens-ch/node_modules/@vitest/runner/dist/index.js:1243:20\n    at new Promise (<anonymous>)\n    at runWithTimeout (file:///Users/nco/Coffez-Labs/giens-ch/node_modules/@vitest/runner/dist/index.js:1209:10)\n    at file:///Users/nco/Coffez-Labs/giens-ch/node_modules/@vitest/runner/dist/index.js:1653:37\n    at Traces.$ (file:///Users/nco/Coffez-Labs/giens-ch/node_modules/vitest/dist/chunks/traces.CCmnQaNT.js:142:27)\n    at trace (file:///Users/nco/Coffez-Labs/giens-ch/node_modules/vitest/dist/chunks/test.B8ej_ZHS.js:239:21)\n    at runTest (file:///Users/nco/Coffez-Labs/giens-ch/node_modules/@vitest/runner/dist/index.js:1653:12)"
          ],
          "meta": {}
        },
        {
          "ancestorTitles": [
            "Middleware"
          ],
          "fullName": "Middleware is-not-logged-in: allows not logged in, redirects logged in",
          "status": "failed",
          "title": "is-not-logged-in: allows not logged in, redirects logged in",
          "duration": 0.22654099999999744,
          "failureMessages": [
            "AssertionError: expected Promise{…} to be true // Object.is equality\n    at /Users/nco/Coffez-Labs/giens-ch/tests/integration/middleware.test.ts:69:33\n    at file:///Users/nco/Coffez-Labs/giens-ch/node_modules/@vitest/runner/dist/index.js:145:11\n    at file:///Users/nco/Coffez-Labs/giens-ch/node_modules/@vitest/runner/dist/index.js:915:26\n    at file:///Users/nco/Coffez-Labs/giens-ch/node_modules/@vitest/runner/dist/index.js:1243:20\n    at new Promise (<anonymous>)\n    at runWithTimeout (file:///Users/nco/Coffez-Labs/giens-ch/node_modules/@vitest/runner/dist/index.js:1209:10)\n    at file:///Users/nco/Coffez-Labs/giens-ch/node_modules/@vitest/runner/dist/index.js:1653:37\n    at Traces.$ (file:///Users/nco/Coffez-Labs/giens-ch/node_modules/vitest/dist/chunks/traces.CCmnQaNT.js:142:27)\n    at trace (file:///Users/nco/Coffez-Labs/giens-ch/node_modules/vitest/dist/chunks/test.B8ej_ZHS.js:239:21)\n    at runTest (file:///Users/nco/Coffez-Labs/giens-ch/node_modules/@vitest/runner/dist/index.js:1653:12)"
          ],
          "meta": {}
        }
      ],
      "startTime": 1769676444540,
      "endTime": 1769676444545.277,
      "status": "failed",
      "message": "",
      "name": "/Users/nco/Coffez-Labs/giens-ch/tests/integration/middleware.test.ts"
    },
    {
      "assertionResults": [
        {
          "ancestorTitles": [
            "News Attachments Feature",
            "UiSummary Component"
          ],
          "fullName": "News Attachments Feature UiSummary Component displays the paperclip badge when hasAttachments is true",
          "status": "passed",
          "title": "displays the paperclip badge when hasAttachments is true",
          "duration": 16.01858299999992,
          "failureMessages": [],
          "meta": {}
        },
        {
          "ancestorTitles": [
            "News Attachments Feature",
            "UiSummary Component"
          ],
          "fullName": "News Attachments Feature UiSummary Component hides the paperclip badge when hasAttachments is false",
          "status": "passed",
          "title": "hides the paperclip badge when hasAttachments is false",
          "duration": 2.2649999999999864,
          "failureMessages": [],
          "meta": {}
        },
        {
          "ancestorTitles": [
            "News Attachments Feature",
            "Filter Logic"
          ],
          "fullName": "News Attachments Feature Filter Logic identifies hasAttachments as an active filter state",
          "status": "passed",
          "title": "identifies hasAttachments as an active filter state",
          "duration": 0.08854200000007495,
          "failureMessages": [],
          "meta": {}
        },
        {
          "ancestorTitles": [
            "News Attachments Feature",
            "Filter Logic"
          ],
          "fullName": "News Attachments Feature Filter Logic filters news items correctly by attachment status",
          "status": "passed",
          "title": "filters news items correctly by attachment status",
          "duration": 0.3910409999999729,
          "failureMessages": [],
          "meta": {}
        }
      ],
      "startTime": 1769676446310,
      "endTime": 1769676446328.391,
      "status": "passed",
      "message": "",
      "name": "/Users/nco/Coffez-Labs/giens-ch/tests/integration/news-attachments.test.ts"
    },
    {
      "assertionResults": [
        {
          "ancestorTitles": [
            "NewsFilter Component Logic"
          ],
          "fullName": "NewsFilter Component Logic should filter labels by privacy for readers",
          "status": "passed",
          "title": "should filter labels by privacy for readers",
          "duration": 0.9402079999999842,
          "failureMessages": [],
          "meta": {}
        },
        {
          "ancestorTitles": [
            "NewsFilter Component Logic"
          ],
          "fullName": "NewsFilter Component Logic should include private labels for readers",
          "status": "passed",
          "title": "should include private labels for readers",
          "duration": 0.09033300000004374,
          "failureMessages": [],
          "meta": {}
        },
        {
          "ancestorTitles": [
            "NewsFilter Component Logic"
          ],
          "fullName": "NewsFilter Component Logic should map labels to icon correctly",
          "status": "passed",
          "title": "should map labels to icon correctly",
          "duration": 0.06916599999999562,
          "failureMessages": [],
          "meta": {}
        },
        {
          "ancestorTitles": [
            "NewsFilter Component Logic"
          ],
          "fullName": "NewsFilter Component Logic should detect active filters correctly",
          "status": "passed",
          "title": "should detect active filters correctly",
          "duration": 0.05395799999996598,
          "failureMessages": [],
          "meta": {}
        },
        {
          "ancestorTitles": [
            "NewsFilter Component Logic"
          ],
          "fullName": "NewsFilter Component Logic should find active category label",
          "status": "passed",
          "title": "should find active category label",
          "duration": 0.06270900000004076,
          "failureMessages": [],
          "meta": {}
        }
      ],
      "startTime": 1769676447759,
      "endTime": 1769676447760.0903,
      "status": "passed",
      "message": "",
      "name": "/Users/nco/Coffez-Labs/giens-ch/tests/integration/news-filter-logic.test.ts"
    },
    {
      "assertionResults": [
        {
          "ancestorTitles": [
            "News Page"
          ],
          "fullName": "News Page renders news articles",
          "status": "passed",
          "title": "renders news articles",
          "duration": 267.5232500000002,
          "failureMessages": [],
          "meta": {}
        },
        {
          "ancestorTitles": [
            "News Page"
          ],
          "fullName": "News Page shows 'No news' message when empty",
          "status": "passed",
          "title": "shows 'No news' message when empty",
          "duration": 247.75691600000027,
          "failureMessages": [],
          "meta": {}
        }
      ],
      "startTime": 1769676444991,
      "endTime": 1769676445506.7568,
      "status": "passed",
      "message": "",
      "name": "/Users/nco/Coffez-Labs/giens-ch/tests/integration/news-page.test.ts"
    },
    {
      "assertionResults": [
        {
          "ancestorTitles": [
            "notAuthorized Component"
          ],
          "fullName": "notAuthorized Component renders the unauthorized message",
          "status": "passed",
          "title": "renders the unauthorized message",
          "duration": 17.246708999999896,
          "failureMessages": [],
          "meta": {}
        }
      ],
      "startTime": 1769676446378,
      "endTime": 1769676446395.2468,
      "status": "passed",
      "message": "",
      "name": "/Users/nco/Coffez-Labs/giens-ch/tests/integration/not-authorized.test.ts"
    },
    {
      "assertionResults": [
        {
          "ancestorTitles": [
            "Owner Index Page"
          ],
          "fullName": "Owner Index Page renders page title",
          "status": "passed",
          "title": "renders page title",
          "duration": 5.117625000000089,
          "failureMessages": [],
          "meta": {}
        }
      ],
      "startTime": 1769676446759,
      "endTime": 1769676446764.1177,
      "status": "passed",
      "message": "",
      "name": "/Users/nco/Coffez-Labs/giens-ch/tests/integration/owner-index.test.ts"
    },
    {
      "assertionResults": [
        {
          "ancestorTitles": [
            "Profile Me Page"
          ],
          "fullName": "Profile Me Page renders profile section",
          "status": "failed",
          "title": "renders profile section",
          "duration": 18.379415999999992,
          "failureMessages": [
            "AssertionError: expected '<div class=\"max-w-screen-xl mx-auto p…' to contain 'Test User'\n    at /Users/nco/Coffez-Labs/giens-ch/tests/integration/profile-me.test.ts:29:28\n    at file:///Users/nco/Coffez-Labs/giens-ch/node_modules/@vitest/runner/dist/index.js:915:20"
          ],
          "meta": {}
        }
      ],
      "startTime": 1769676444968,
      "endTime": 1769676444986.3794,
      "status": "failed",
      "message": "",
      "name": "/Users/nco/Coffez-Labs/giens-ch/tests/integration/profile-me.test.ts"
    },
    {
      "assertionResults": [
        {
          "ancestorTitles": [
            "Profile Modals"
          ],
          "fullName": "Profile Modals renders ProfilePictureModal when modelValue is true",
          "status": "passed",
          "title": "renders ProfilePictureModal when modelValue is true",
          "duration": 14.891875000000027,
          "failureMessages": [],
          "meta": {}
        },
        {
          "ancestorTitles": [
            "Profile Modals"
          ],
          "fullName": "Profile Modals renders PasswordChangeModal when modelValue is true",
          "status": "passed",
          "title": "renders PasswordChangeModal when modelValue is true",
          "duration": 1.8433750000000373,
          "failureMessages": [],
          "meta": {}
        }
      ],
      "startTime": 1769676446411,
      "endTime": 1769676446427.8433,
      "status": "passed",
      "message": "",
      "name": "/Users/nco/Coffez-Labs/giens-ch/tests/integration/profile-modals.test.ts"
    },
    {
      "assertionResults": [
        {
          "ancestorTitles": [
            "Profile Update Integration Tests"
          ],
          "fullName": "Profile Update Integration Tests requires authentication to update profile",
          "status": "passed",
          "title": "requires authentication to update profile",
          "duration": 2.5499999999999545,
          "failureMessages": [],
          "meta": {}
        },
        {
          "ancestorTitles": [
            "Profile Update Integration Tests"
          ],
          "fullName": "Profile Update Integration Tests validates displayName is at least 2 characters",
          "status": "passed",
          "title": "validates displayName is at least 2 characters",
          "duration": 0.6864170000001195,
          "failureMessages": [],
          "meta": {}
        },
        {
          "ancestorTitles": [
            "Profile Update Integration Tests"
          ],
          "fullName": "Profile Update Integration Tests allows users to update their own display name",
          "status": "passed",
          "title": "allows users to update their own display name",
          "duration": 52.431916,
          "failureMessages": [],
          "meta": {}
        },
        {
          "ancestorTitles": [
            "Profile Update Integration Tests"
          ],
          "fullName": "Profile Update Integration Tests rejects empty display names",
          "status": "passed",
          "title": "rejects empty display names",
          "duration": 0.21504200000003948,
          "failureMessages": [],
          "meta": {}
        },
        {
          "ancestorTitles": [
            "Profile Update Integration Tests"
          ],
          "fullName": "Profile Update Integration Tests updates article author names when display name changes",
          "status": "passed",
          "title": "updates article author names when display name changes",
          "duration": 153.32045800000014,
          "failureMessages": [],
          "meta": {}
        },
        {
          "ancestorTitles": [
            "Profile Update Integration Tests"
          ],
          "fullName": "Profile Update Integration Tests rejects display names with only whitespace",
          "status": "passed",
          "title": "rejects display names with only whitespace",
          "duration": 0.3337500000000091,
          "failureMessages": [],
          "meta": {}
        },
        {
          "ancestorTitles": [
            "Profile Update Integration Tests"
          ],
          "fullName": "Profile Update Integration Tests handles Firebase auth update errors gracefully",
          "status": "passed",
          "title": "handles Firebase auth update errors gracefully",
          "duration": 0.21841699999981756,
          "failureMessages": [],
          "meta": {}
        }
      ],
      "startTime": 1769676444765,
      "endTime": 1769676444974.3337,
      "status": "passed",
      "message": "",
      "name": "/Users/nco/Coffez-Labs/giens-ch/tests/integration/profile-update.test.ts"
    },
    {
      "assertionResults": [
        {
          "ancestorTitles": [
            "Register Page"
          ],
          "fullName": "Register Page renders register form",
          "status": "passed",
          "title": "renders register form",
          "duration": 28.248917000000006,
          "failureMessages": [],
          "meta": {}
        }
      ],
      "startTime": 1769676445873,
      "endTime": 1769676445901.249,
      "status": "passed",
      "message": "",
      "name": "/Users/nco/Coffez-Labs/giens-ch/tests/integration/register.test.ts"
    },
    {
      "assertionResults": [
        {
          "ancestorTitles": [
            "getUserClaims"
          ],
          "fullName": "getUserClaims returns claims for valid token",
          "status": "failed",
          "title": "returns claims for valid token",
          "duration": 2.424209000000019,
          "failureMessages": [
            "ReferenceError: getHeader is not defined\n    at getUserClaims (/Users/nco/Coffez-Labs/giens-ch/server/utils/auth.ts:5:21)\n    at /Users/nco/Coffez-Labs/giens-ch/tests/integration/server-auth.test.ts:21:26\n    at processTicksAndRejections (node:internal/process/task_queues:104:5)\n    at file:///Users/nco/Coffez-Labs/giens-ch/node_modules/@vitest/runner/dist/index.js:915:20"
          ],
          "meta": {}
        },
        {
          "ancestorTitles": [
            "getUserClaims"
          ],
          "fullName": "getUserClaims returns null for invalid header",
          "status": "failed",
          "title": "returns null for invalid header",
          "duration": 0.21337500000004184,
          "failureMessages": [
            "ReferenceError: getHeader is not defined\n    at getUserClaims (/Users/nco/Coffez-Labs/giens-ch/server/utils/auth.ts:5:21)\n    at /Users/nco/Coffez-Labs/giens-ch/tests/integration/server-auth.test.ts:27:26\n    at file:///Users/nco/Coffez-Labs/giens-ch/node_modules/@vitest/runner/dist/index.js:145:11\n    at file:///Users/nco/Coffez-Labs/giens-ch/node_modules/@vitest/runner/dist/index.js:915:26\n    at file:///Users/nco/Coffez-Labs/giens-ch/node_modules/@vitest/runner/dist/index.js:1243:20\n    at new Promise (<anonymous>)\n    at runWithTimeout (file:///Users/nco/Coffez-Labs/giens-ch/node_modules/@vitest/runner/dist/index.js:1209:10)\n    at file:///Users/nco/Coffez-Labs/giens-ch/node_modules/@vitest/runner/dist/index.js:1653:37\n    at Traces.$ (file:///Users/nco/Coffez-Labs/giens-ch/node_modules/vitest/dist/chunks/traces.CCmnQaNT.js:142:27)\n    at trace (file:///Users/nco/Coffez-Labs/giens-ch/node_modules/vitest/dist/chunks/test.B8ej_ZHS.js:239:21)"
          ],
          "meta": {}
        },
        {
          "ancestorTitles": [
            "getUserClaims"
          ],
          "fullName": "getUserClaims returns null for no token",
          "status": "failed",
          "title": "returns null for no token",
          "duration": 0.11520799999993869,
          "failureMessages": [
            "ReferenceError: getHeader is not defined\n    at getUserClaims (/Users/nco/Coffez-Labs/giens-ch/server/utils/auth.ts:5:21)\n    at /Users/nco/Coffez-Labs/giens-ch/tests/integration/server-auth.test.ts:33:26\n    at file:///Users/nco/Coffez-Labs/giens-ch/node_modules/@vitest/runner/dist/index.js:145:11\n    at file:///Users/nco/Coffez-Labs/giens-ch/node_modules/@vitest/runner/dist/index.js:915:26\n    at file:///Users/nco/Coffez-Labs/giens-ch/node_modules/@vitest/runner/dist/index.js:1243:20\n    at new Promise (<anonymous>)\n    at runWithTimeout (file:///Users/nco/Coffez-Labs/giens-ch/node_modules/@vitest/runner/dist/index.js:1209:10)\n    at file:///Users/nco/Coffez-Labs/giens-ch/node_modules/@vitest/runner/dist/index.js:1653:37\n    at Traces.$ (file:///Users/nco/Coffez-Labs/giens-ch/node_modules/vitest/dist/chunks/traces.CCmnQaNT.js:142:27)\n    at trace (file:///Users/nco/Coffez-Labs/giens-ch/node_modules/vitest/dist/chunks/test.B8ej_ZHS.js:239:21)"
          ],
          "meta": {}
        },
        {
          "ancestorTitles": [
            "getUserClaims"
          ],
          "fullName": "getUserClaims returns null for verify error",
          "status": "failed",
          "title": "returns null for verify error",
          "duration": 0.12829099999999016,
          "failureMessages": [
            "ReferenceError: getHeader is not defined\n    at getUserClaims (/Users/nco/Coffez-Labs/giens-ch/server/utils/auth.ts:5:21)\n    at /Users/nco/Coffez-Labs/giens-ch/tests/integration/server-auth.test.ts:41:26\n    at processTicksAndRejections (node:internal/process/task_queues:104:5)\n    at file:///Users/nco/Coffez-Labs/giens-ch/node_modules/@vitest/runner/dist/index.js:915:20"
          ],
          "meta": {}
        }
      ],
      "startTime": 1769676444531,
      "endTime": 1769676444534.2134,
      "status": "failed",
      "message": "",
      "name": "/Users/nco/Coffez-Labs/giens-ch/tests/integration/server-auth.test.ts"
    },
    {
      "assertionResults": [
        {
          "ancestorTitles": [
            "Summary Component Functions",
            "navigateToProfile"
          ],
          "fullName": "Summary Component Functions navigateToProfile should navigate to profile when authorUid is provided",
          "status": "passed",
          "title": "should navigate to profile when authorUid is provided",
          "duration": 0.6547909999999888,
          "failureMessages": [],
          "meta": {}
        },
        {
          "ancestorTitles": [
            "Summary Component Functions",
            "navigateToProfile"
          ],
          "fullName": "Summary Component Functions navigateToProfile should not navigate when authorUid is not provided",
          "status": "passed",
          "title": "should not navigate when authorUid is not provided",
          "duration": 0.06387500000005275,
          "failureMessages": [],
          "meta": {}
        }
      ],
      "startTime": 1769676447762,
      "endTime": 1769676447763.064,
      "status": "passed",
      "message": "",
      "name": "/Users/nco/Coffez-Labs/giens-ch/tests/integration/summary-functions.test.ts"
    },
    {
      "assertionResults": [
        {
          "ancestorTitles": [
            "TiptapViewer Component"
          ],
          "fullName": "TiptapViewer Component renders content in prose view by default",
          "status": "passed",
          "title": "renders content in prose view by default",
          "duration": 11.138540999999918,
          "failureMessages": [],
          "meta": {}
        },
        {
          "ancestorTitles": [
            "TiptapViewer Component"
          ],
          "fullName": "TiptapViewer Component renders content in code view when codeView is true",
          "status": "passed",
          "title": "renders content in code view when codeView is true",
          "duration": 1.5000839999999016,
          "failureMessages": [],
          "meta": {}
        }
      ],
      "startTime": 1769676446570,
      "endTime": 1769676446583.5,
      "status": "passed",
      "message": "",
      "name": "/Users/nco/Coffez-Labs/giens-ch/tests/integration/tiptap-viewer.test.ts"
    },
    {
      "assertionResults": [
        {
          "ancestorTitles": [
            "UiAvatar Component"
          ],
          "fullName": "UiAvatar Component renders user photo if provided",
          "status": "passed",
          "title": "renders user photo if provided",
          "duration": 7.00162499999999,
          "failureMessages": [],
          "meta": {}
        }
      ],
      "startTime": 1769676447245,
      "endTime": 1769676447252.0017,
      "status": "passed",
      "message": "",
      "name": "/Users/nco/Coffez-Labs/giens-ch/tests/integration/ui-avatar.test.ts"
    },
    {
      "assertionResults": [
        {
          "ancestorTitles": [
            "UiInput Component"
          ],
          "fullName": "UiInput Component renders input with label",
          "status": "passed",
          "title": "renders input with label",
          "duration": 6.458582999999976,
          "failureMessages": [],
          "meta": {}
        },
        {
          "ancestorTitles": [
            "UiInput Component"
          ],
          "fullName": "UiInput Component binds input type correctly",
          "status": "passed",
          "title": "binds input type correctly",
          "duration": 1.1449999999999818,
          "failureMessages": [],
          "meta": {}
        }
      ],
      "startTime": 1769676446368,
      "endTime": 1769676446376.145,
      "status": "passed",
      "message": "",
      "name": "/Users/nco/Coffez-Labs/giens-ch/tests/integration/ui-input.test.ts"
    },
    {
      "assertionResults": [
        {
          "ancestorTitles": [
            "UiProfileCard Component"
          ],
          "fullName": "UiProfileCard Component renders user profile with photo",
          "status": "passed",
          "title": "renders user profile with photo",
          "duration": 13.26520800000003,
          "failureMessages": [],
          "meta": {}
        },
        {
          "ancestorTitles": [
            "UiProfileCard Component"
          ],
          "fullName": "UiProfileCard Component renders placeholder photo when user has no photo",
          "status": "passed",
          "title": "renders placeholder photo when user has no photo",
          "duration": 3.0557919999999967,
          "failureMessages": [],
          "meta": {}
        }
      ],
      "startTime": 1769676446513,
      "endTime": 1769676446530.056,
      "status": "passed",
      "message": "",
      "name": "/Users/nco/Coffez-Labs/giens-ch/tests/integration/ui-profile-card.test.ts"
    },
    {
      "assertionResults": [
        {
          "ancestorTitles": [
            "UiSummary Component"
          ],
          "fullName": "UiSummary Component renders summary details",
          "status": "passed",
          "title": "renders summary details",
          "duration": 19.940000000000055,
          "failureMessages": [],
          "meta": {}
        },
        {
          "ancestorTitles": [
            "UiSummary Component"
          ],
          "fullName": "UiSummary Component renders author when provided",
          "status": "passed",
          "title": "renders author when provided",
          "duration": 8.980000000000018,
          "failureMessages": [],
          "meta": {}
        },
        {
          "ancestorTitles": [
            "UiSummary Component"
          ],
          "fullName": "UiSummary Component does not render author when not provided",
          "status": "passed",
          "title": "does not render author when not provided",
          "duration": 3.11099999999999,
          "failureMessages": [],
          "meta": {}
        },
        {
          "ancestorTitles": [
            "UiSummary Component"
          ],
          "fullName": "UiSummary Component renders image",
          "status": "passed",
          "title": "renders image",
          "duration": 2.626542000000086,
          "failureMessages": [],
          "meta": {}
        },
        {
          "ancestorTitles": [
            "UiSummary Component"
          ],
          "fullName": "UiSummary Component renders as link",
          "status": "passed",
          "title": "renders as link",
          "duration": 2.2987920000000486,
          "failureMessages": [],
          "meta": {}
        }
      ],
      "startTime": 1769676445674,
      "endTime": 1769676445710.2988,
      "status": "passed",
      "message": "",
      "name": "/Users/nco/Coffez-Labs/giens-ch/tests/integration/ui-summary.test.ts"
    },
    {
      "assertionResults": [
        {
          "ancestorTitles": [
            "UiTitle Component"
          ],
          "fullName": "UiTitle Component renders title and subtitle",
          "status": "passed",
          "title": "renders title and subtitle",
          "duration": 5.4502089999999725,
          "failureMessages": [],
          "meta": {}
        }
      ],
      "startTime": 1769676447227,
      "endTime": 1769676447232.4502,
      "status": "passed",
      "message": "",
      "name": "/Users/nco/Coffez-Labs/giens-ch/tests/integration/ui-title.test.ts"
    },
    {
      "assertionResults": [
        {
          "ancestorTitles": [
            "useAdminAuth Composable Logic",
            "waitForAuthInit"
          ],
          "fullName": "useAdminAuth Composable Logic waitForAuthInit should resolve when auth is initialized",
          "status": "passed",
          "title": "should resolve when auth is initialized",
          "duration": 152.362708,
          "failureMessages": [],
          "meta": {}
        },
        {
          "ancestorTitles": [
            "useAdminAuth Composable Logic",
            "checkAdminAccess logic"
          ],
          "fullName": "useAdminAuth Composable Logic checkAdminAccess logic should return false when not admin",
          "status": "passed",
          "title": "should return false when not admin",
          "duration": 0.13620799999989686,
          "failureMessages": [],
          "meta": {}
        },
        {
          "ancestorTitles": [
            "useAdminAuth Composable Logic",
            "checkAdminAccess logic"
          ],
          "fullName": "useAdminAuth Composable Logic checkAdminAccess logic should return false when no current user",
          "status": "passed",
          "title": "should return false when no current user",
          "duration": 0.08045900000001893,
          "failureMessages": [],
          "meta": {}
        },
        {
          "ancestorTitles": [
            "useAdminAuth Composable Logic",
            "checkAdminAccess logic"
          ],
          "fullName": "useAdminAuth Composable Logic checkAdminAccess logic should handle token retrieval errors",
          "status": "passed",
          "title": "should handle token retrieval errors",
          "duration": 0.10012499999993452,
          "failureMessages": [],
          "meta": {}
        },
        {
          "ancestorTitles": [
            "useAdminAuth Composable Logic",
            "checkAdminAccess logic"
          ],
          "fullName": "useAdminAuth Composable Logic checkAdminAccess logic should reset isCheckingAuth in finally block",
          "status": "passed",
          "title": "should reset isCheckingAuth in finally block",
          "duration": 0.08441700000003038,
          "failureMessages": [],
          "meta": {}
        },
        {
          "ancestorTitles": [
            "useAdminAuth Composable Logic",
            "getAuthHeaders logic"
          ],
          "fullName": "useAdminAuth Composable Logic getAuthHeaders logic should return empty object when no user",
          "status": "passed",
          "title": "should return empty object when no user",
          "duration": 0.5802500000000919,
          "failureMessages": [],
          "meta": {}
        },
        {
          "ancestorTitles": [
            "useAdminAuth Composable Logic",
            "getAuthHeaders logic"
          ],
          "fullName": "useAdminAuth Composable Logic getAuthHeaders logic should return Authorization header when user exists",
          "status": "passed",
          "title": "should return Authorization header when user exists",
          "duration": 0.15895799999998417,
          "failureMessages": [],
          "meta": {}
        },
        {
          "ancestorTitles": [
            "useAdminAuth Composable Logic",
            "getAuthHeaders logic"
          ],
          "fullName": "useAdminAuth Composable Logic getAuthHeaders logic should handle token fetch errors gracefully",
          "status": "passed",
          "title": "should handle token fetch errors gracefully",
          "duration": 0.08566699999994398,
          "failureMessages": [],
          "meta": {}
        }
      ],
      "startTime": 1769676445360,
      "endTime": 1769676445514.159,
      "status": "passed",
      "message": "",
      "name": "/Users/nco/Coffez-Labs/giens-ch/tests/integration/useAdminAuth-composable.test.ts"
    },
    {
      "assertionResults": [
        {
          "ancestorTitles": [
            "useApi Composable",
            "getHeaders with no token"
          ],
          "fullName": "useApi Composable getHeaders with no token should return empty object when no user is authenticated",
          "status": "passed",
          "title": "should return empty object when no user is authenticated",
          "duration": 1.300834000000009,
          "failureMessages": [],
          "meta": {}
        },
        {
          "ancestorTitles": [
            "useApi Composable",
            "getHeaders with no token"
          ],
          "fullName": "useApi Composable getHeaders with no token should handle undefined token",
          "status": "passed",
          "title": "should handle undefined token",
          "duration": 0.10591699999997672,
          "failureMessages": [],
          "meta": {}
        },
        {
          "ancestorTitles": [
            "useApi Composable",
            "getHeaders with token"
          ],
          "fullName": "useApi Composable getHeaders with token should return Authorization header when token exists",
          "status": "passed",
          "title": "should return Authorization header when token exists",
          "duration": 0.07983300000000781,
          "failureMessages": [],
          "meta": {}
        },
        {
          "ancestorTitles": [
            "useApi Composable",
            "authorizedFetch"
          ],
          "fullName": "useApi Composable authorizedFetch should merge headers correctly",
          "status": "passed",
          "title": "should merge headers correctly",
          "duration": 0.06104200000004312,
          "failureMessages": [],
          "meta": {}
        },
        {
          "ancestorTitles": [
            "useApi Composable",
            "authorizedFetch"
          ],
          "fullName": "useApi Composable authorizedFetch should preserve existing headers when no auth token",
          "status": "passed",
          "title": "should preserve existing headers when no auth token",
          "duration": 0.054583999999977095,
          "failureMessages": [],
          "meta": {}
        },
        {
          "ancestorTitles": [
            "useApi Composable",
            "authorizedFetch"
          ],
          "fullName": "useApi Composable authorizedFetch should overwrite auth header if it exists in options",
          "status": "passed",
          "title": "should overwrite auth header if it exists in options",
          "duration": 0.04574999999999818,
          "failureMessages": [],
          "meta": {}
        },
        {
          "ancestorTitles": [
            "useApi Composable",
            "authorizedFetch"
          ],
          "fullName": "useApi Composable authorizedFetch should handle empty options",
          "status": "passed",
          "title": "should handle empty options",
          "duration": 0.049040999999988344,
          "failureMessages": [],
          "meta": {}
        }
      ],
      "startTime": 1769676447248,
      "endTime": 1769676447250.106,
      "status": "passed",
      "message": "",
      "name": "/Users/nco/Coffez-Labs/giens-ch/tests/integration/useApi-composable.test.ts"
    },
    {
      "assertionResults": [
        {
          "ancestorTitles": [
            "useFirebase Plugin - Auth Logic",
            "User Roles (computed properties)"
          ],
          "fullName": "useFirebase Plugin - Auth Logic User Roles (computed properties) should identify admin users",
          "status": "passed",
          "title": "should identify admin users",
          "duration": 0.6269999999999527,
          "failureMessages": [],
          "meta": {}
        },
        {
          "ancestorTitles": [
            "useFirebase Plugin - Auth Logic",
            "User Roles (computed properties)"
          ],
          "fullName": "useFirebase Plugin - Auth Logic User Roles (computed properties) should identify publisher users",
          "status": "passed",
          "title": "should identify publisher users",
          "duration": 0.08895800000004783,
          "failureMessages": [],
          "meta": {}
        },
        {
          "ancestorTitles": [
            "useFirebase Plugin - Auth Logic",
            "User Roles (computed properties)"
          ],
          "fullName": "useFirebase Plugin - Auth Logic User Roles (computed properties) should identify owner users",
          "status": "passed",
          "title": "should identify owner users",
          "duration": 0.07416599999999107,
          "failureMessages": [],
          "meta": {}
        },
        {
          "ancestorTitles": [
            "useFirebase Plugin - Auth Logic",
            "User Roles (computed properties)"
          ],
          "fullName": "useFirebase Plugin - Auth Logic User Roles (computed properties) should identify reader users (any private role)",
          "status": "passed",
          "title": "should identify reader users (any private role)",
          "duration": 0.0887079999999969,
          "failureMessages": [],
          "meta": {}
        },
        {
          "ancestorTitles": [
            "useFirebase Plugin - Auth Logic",
            "User Permission (public vs private)"
          ],
          "fullName": "useFirebase Plugin - Auth Logic User Permission (public vs private) should return private for users with reader claims",
          "status": "passed",
          "title": "should return private for users with reader claims",
          "duration": 0.07066700000007131,
          "failureMessages": [],
          "meta": {}
        },
        {
          "ancestorTitles": [
            "useFirebase Plugin - Auth Logic",
            "User Permission (public vs private)"
          ],
          "fullName": "useFirebase Plugin - Auth Logic User Permission (public vs private) should return public for users without reader claims",
          "status": "passed",
          "title": "should return public for users without reader claims",
          "duration": 0.032709000000068045,
          "failureMessages": [],
          "meta": {}
        },
        {
          "ancestorTitles": [
            "useFirebase Plugin - Auth Logic",
            "hasRole function"
          ],
          "fullName": "useFirebase Plugin - Auth Logic hasRole function should return true when user has the role",
          "status": "passed",
          "title": "should return true when user has the role",
          "duration": 0.04800000000000182,
          "failureMessages": [],
          "meta": {}
        },
        {
          "ancestorTitles": [
            "useFirebase Plugin - Auth Logic",
            "hasRole function"
          ],
          "fullName": "useFirebase Plugin - Auth Logic hasRole function should return false when user doesn't have the role",
          "status": "passed",
          "title": "should return false when user doesn't have the role",
          "duration": 0.0544999999999618,
          "failureMessages": [],
          "meta": {}
        },
        {
          "ancestorTitles": [
            "useFirebase Plugin - Auth Logic",
            "hasRole function"
          ],
          "fullName": "useFirebase Plugin - Auth Logic hasRole function should return false for unknown roles",
          "status": "passed",
          "title": "should return false for unknown roles",
          "duration": 0.04104200000006131,
          "failureMessages": [],
          "meta": {}
        },
        {
          "ancestorTitles": [
            "useFirebase Plugin - Auth Logic",
            "Auth State Changes"
          ],
          "fullName": "useFirebase Plugin - Auth Logic Auth State Changes should clear token and claims when user logs out",
          "status": "passed",
          "title": "should clear token and claims when user logs out",
          "duration": 0.32558300000005147,
          "failureMessages": [],
          "meta": {}
        },
        {
          "ancestorTitles": [
            "useFirebase Plugin - Auth Logic",
            "Auth State Changes"
          ],
          "fullName": "useFirebase Plugin - Auth Logic Auth State Changes should set claims and token when user logs in",
          "status": "passed",
          "title": "should set claims and token when user logs in",
          "duration": 0.07820799999990413,
          "failureMessages": [],
          "meta": {}
        },
        {
          "ancestorTitles": [
            "useFirebase Plugin - Auth Logic",
            "Auth State Changes"
          ],
[...]
            "end": {
              "line": 11,
              "column": null
            }
          },
          "type": "if",
          "locations": [
            {
              "start": {
                "line": 11,
                "column": 1
              },
              "end": {
                "line": 11,
                "column": null
              }
            },
            {
              "start": {},
              "end": {}
            }
          ],
          "line": 11
        },
        "3": {
          "loc": {
            "start": {
              "line": 23,
              "column": 1
            },
            "end": {
              "line": 23,
              "column": null
            }
          },
          "type": "if",
          "locations": [
            {
              "start": {
                "line": 23,
                "column": 1
              },
              "end": {
                "line": 23,
                "column": null
              }
            },
            {
              "start": {},
              "end": {}
            }
          ],
          "line": 23
        },
        "4": {
          "loc": {
            "start": {
              "line": 25,
              "column": 21
            },
            "end": {
              "line": 25,
              "column": null
            }
          },
          "type": "binary-expr",
          "locations": [
            {
              "start": {
                "line": 25,
                "column": 21
              },
              "end": {
                "line": 25,
                "column": 37
              }
            },
            {
              "start": {
                "line": 25,
                "column": 37
              },
              "end": {
                "line": 25,
                "column": 57
              }
            },
            {
              "start": {
                "line": 25,
                "column": 57
              },
              "end": {
                "line": 25,
                "column": 73
              }
            },
            {
              "start": {
                "line": 25,
                "column": 73
              },
              "end": {
                "line": 25,
                "column": null
              }
            }
          ],
          "line": 25
        },
        "5": {
          "loc": {
            "start": {
              "line": 26,
              "column": 8
            },
            "end": {
              "line": 26,
              "column": null
            }
          },
          "type": "cond-expr",
          "locations": [
            {
              "start": {
                "line": 26,
                "column": 19
              },
              "end": {
                "line": 26,
                "column": 31
              }
            },
            {
              "start": {
                "line": 26,
                "column": 31
              },
              "end": {
                "line": 26,
                "column": null
              }
            }
          ],
          "line": 26
        }
      },
      "s": {
        "0": 4,
        "1": 4,
        "2": 0,
        "3": 0,
        "4": 0,
        "5": 0,
        "6": 0,
        "7": 0,
        "8": 0,
        "9": 0,
        "10": 0,
        "11": 0,
        "12": 0,
        "13": 0,
        "14": 0,
        "15": 0
      },
      "f": {
        "0": 4,
        "1": 0
      },
      "b": {
        "0": [
          0,
          4
        ],
        "1": [
          4,
          0
        ],
        "2": [
          0,
          0
        ],
        "3": [
          0,
          0
        ],
        "4": [
          0,
          0,
          0,
          0
        ],
        "5": [
          0,
          0
        ]
      },
      "meta": {
        "lastBranch": 6,
        "lastFunction": 2,
        "lastStatement": 16,
        "seen": {
          "f:4:22:4:36": 0,
          "s:5:20:5:Infinity": 0,
          "b:6:1:8:Infinity:undefined:undefined:undefined:undefined": 0,
          "s:6:1:8:Infinity": 1,
          "b:6:5:6:20:6:20:6:55": 1,
          "s:7:2:7:Infinity": 2,
          "s:10:15:10:Infinity": 3,
          "b:11:1:11:Infinity:undefined:undefined:undefined:undefined": 2,
          "s:11:1:11:Infinity": 4,
          "s:11:13:11:Infinity": 5,
          "s:12:1:18:Infinity": 6,
          "s:13:23:13:Infinity": 7,
          "s:14:2:14:Infinity": 8,
          "s:16:2:16:Infinity": 9,
          "s:17:2:17:Infinity": 10,
          "f:21:22:21:40": 1,
          "s:22:16:22:Infinity": 11,
          "b:23:1:23:Infinity:undefined:undefined:undefined:undefined": 3,
          "s:23:1:23:Infinity": 12,
          "s:23:14:23:Infinity": 13,
          "s:25:18:25:Infinity": 14,
          "b:25:21:25:37:25:37:25:57:25:57:25:73:25:73:25:Infinity": 4,
          "s:26:1:26:Infinity": 15,
          "b:26:19:26:31:26:31:26:Infinity": 5
        }
      }
    },
    "/Users/nco/Coffez-Labs/giens-ch/server/utils/apiError.ts": {
      "path": "/Users/nco/Coffez-Labs/giens-ch/server/utils/apiError.ts",
      "statementMap": {
        "0": {
          "start": {
            "line": 8,
            "column": 1
          },
          "end": {
            "line": 8,
            "column": null
          }
        },
        "1": {
          "start": {
            "line": 12,
            "column": 1
          },
          "end": {
            "line": 12,
            "column": null
          }
        },
        "2": {
          "start": {
            "line": 16,
            "column": 1
          },
          "end": {
            "line": 18,
            "column": null
          }
        },
        "3": {
          "start": {
            "line": 17,
            "column": 2
          },
          "end": {
            "line": 17,
            "column": null
          }
        },
        "4": {
          "start": {
            "line": 20,
            "column": 1
          },
          "end": {
            "line": 26,
            "column": null
          }
        },
        "5": {
          "start": {
            "line": 21,
            "column": 2
          },
          "end": {
            "line": 25,
            "column": null
          }
        },
        "6": {
          "start": {
            "line": 29,
            "column": 1
          },
          "end": {
            "line": 44,
            "column": null
          }
        },
        "7": {
          "start": {
            "line": 30,
            "column": 48
          },
          "end": {
            "line": 39,
            "column": null
          }
        },
        "8": {
          "start": {
            "line": 40,
            "column": 2
          },
          "end": {
            "line": 43,
            "column": null
          }
        },
        "9": {
          "start": {
            "line": 47,
            "column": 1
          },
          "end": {
            "line": 52,
            "column": null
          }
        },
        "10": {
          "start": {
            "line": 48,
            "column": 2
          },
          "end": {
            "line": 51,
            "column": null
          }
        },
        "11": {
          "start": {
            "line": 55,
            "column": 1
          },
          "end": {
            "line": 59,
            "column": null
          }
        },
        "12": {
          "start": {
            "line": 63,
            "column": 1
          },
          "end": {
            "line": 67,
            "column": null
          }
        },
        "13": {
          "start": {
            "line": 64,
            "column": 2
          },
          "end": {
            "line": 64,
            "column": null
          }
        },
        "14": {
          "start": {
            "line": 66,
            "column": 2
          },
          "end": {
            "line": 66,
            "column": null
          }
        }
      },
      "fnMap": {
        "0": {
          "name": "createApiError",
          "decl": {
            "start": {
              "line": 7,
              "column": 16
            },
            "end": {
              "line": 7,
              "column": 31
            }
          },
          "loc": {
            "start": {
              "line": 7,
              "column": 90
            },
            "end": {
              "line": 9,
              "column": null
            }
          },
          "line": 7
        },
        "1": {
          "name": "isApiError",
          "decl": {
            "start": {
              "line": 11,
              "column": 16
            },
            "end": {
              "line": 11,
              "column": 27
            }
          },
          "loc": {
            "start": {
              "line": 11,
              "column": 58
            },
            "end": {
              "line": 13,
              "column": null
            }
          },
          "line": 11
        },
        "2": {
          "name": "handleApiError",
          "decl": {
            "start": {
              "line": 15,
              "column": 16
            },
            "end": {
              "line": 15,
              "column": 31
            }
          },
          "loc": {
            "start": {
              "line": 15,
              "column": 53
            },
            "end": {
              "line": 60,
              "column": null
            }
          },
          "line": 15
        },
        "3": {
          "name": "safeJsonParse",
          "decl": {
            "start": {
              "line": 62,
              "column": 16
            },
            "end": {
              "line": 62,
              "column": 33
            }
          },
          "loc": {
            "start": {
              "line": 62,
              "column": 64
            },
            "end": {
              "line": 68,
              "column": null
            }
          },
          "line": 62
        }
      },
      "branchMap": {
        "0": {
          "loc": {
            "start": {
              "line": 12,
              "column": 8
            },
            "end": {
              "line": 12,
              "column": null
            }
          },
          "type": "binary-expr",
          "locations": [
            {
              "start": {
                "line": 12,
                "column": 8
              },
              "end": {
                "line": 12,
                "column": 17
              }
            },
            {
              "start": {
                "line": 12,
                "column": 17
              },
              "end": {
                "line": 12,
                "column": 57
              }
            },
            {
              "start": {
                "line": 12,
                "column": 57
              },
              "end": {
                "line": 12,
                "column": null
              }
            }
          ],
          "line": 12
        },
        "1": {
          "loc": {
            "start": {
              "line": 16,
              "column": 1
            },
            "end": {
              "line": 18,
              "column": null
            }
          },
          "type": "if",
          "locations": [
            {
              "start": {
                "line": 16,
                "column": 1
              },
              "end": {
                "line": 18,
                "column": null
              }
            },
            {
              "start": {},
              "end": {}
            }
          ],
          "line": 16
        },
        "2": {
          "loc": {
            "start": {
              "line": 20,
              "column": 1
            },
            "end": {
              "line": 26,
              "column": null
            }
          },
          "type": "if",
          "locations": [
            {
              "start": {
                "line": 20,
                "column": 1
              },
              "end": {
                "line": 26,
                "column": null
              }
            },
            {
              "start": {},
              "end": {}
            }
          ],
          "line": 20
        },
        "3": {
          "loc": {
            "start": {
              "line": 20,
              "column": 5
            },
            "end": {
              "line": 20,
              "column": 42
            }
          },
          "type": "binary-expr",
          "locations": [
            {
              "start": {
                "line": 20,
                "column": 5
              },
              "end": {
                "line": 20,
                "column": 26
              }
            },
            {
              "start": {
                "line": 20,
                "column": 26
              },
              "end": {
                "line": 20,
                "column": 42
              }
            }
          ],
          "line": 20
        },
        "4": {
          "loc": {
            "start": {
              "line": 29,
              "column": 1
            },
            "end": {
              "line": 44,
              "column": null
            }
          },
          "type": "if",
          "locations": [
            {
              "start": {
                "line": 29,
                "column": 1
              },
              "end": {
                "line": 44,
                "column": null
              }
            },
            {
              "start": {},
              "end": {}
            }
          ],
          "line": 29
        },
        "5": {
          "loc": {
            "start": {
              "line": 41,
              "column": 15
            },
            "end": {
              "line": 41,
              "column": null
            }
          },
          "type": "cond-expr",
          "locations": [
            {
              "start": {
                "line": 41,
                "column": 52
              },
              "end": {
                "line": 41,
                "column": 58
              }
            },
            {
              "start": {
                "line": 41,
                "column": 58
              },
              "end": {
                "line": 41,
                "column": null
              }
            }
          ],
          "line": 41
        },
        "6": {
          "loc": {
            "start": {
              "line": 42,
              "column": 12
            },
            "end": {
              "line": 42,
              "column": null
            }
          },
          "type": "binary-expr",
          "locations": [
            {
              "start": {
                "line": 42,
                "column": 12
              },
              "end": {
                "line": 42,
                "column": 41
              }
            },
            {
              "start": {
                "line": 42,
                "column": 41
              },
              "end": {
                "line": 42,
                "column": 58
              }
            },
            {
              "start": {
                "line": 42,
                "column": 58
              },
              "end": {
                "line": 42,
                "column": null
              }
            }
          ],
          "line": 42
        },
        "7": {
          "loc": {
            "start": {
              "line": 47,
              "column": 1
            },
            "end": {
              "line": 52,
              "column": null
            }
          },
          "type": "if",
          "locations": [
            {
              "start": {
                "line": 47,
                "column": 1
              },
              "end": {
                "line": 52,
                "column": null
              }
            },
            {
              "start": {},
              "end": {}
            }
          ],
          "line": 47
        },
        "8": {
          "loc": {
            "start": {
              "line": 47,
              "column": 5
            },
            "end": {
              "line": 47,
              "column": 68
            }
          },
          "type": "binary-expr",
          "locations": [
            {
              "start": {
                "line": 47,
                "column": 5
              },
              "end": {
                "line": 47,
                "column": 35
              }
            },
            {
              "start": {
                "line": 47,
                "column": 35
              },
              "end": {
                "line": 47,
                "column": 68
              }
            }
          ],
          "line": 47
        },
        "9": {
          "loc": {
            "start": {
              "line": 57,
              "column": 11
            },
            "end": {
              "line": 57,
              "column": null
            }
          },
          "type": "binary-expr",
          "locations": [
            {
              "start": {
                "line": 57,
                "column": 11
              },
              "end": {
                "line": 57,
                "column": 29
              }
            },
            {
              "start": {
                "line": 57,
                "column": 29
              },
              "end": {
                "line": 57,
                "column": null
              }
            }
          ],
          "line": 57
        }
      },
      "s": {
        "0": 4,
        "1": 16,
        "2": 10,
        "3": 2,
        "4": 8,
        "5": 0,
        "6": 8,
        "7": 5,
        "8": 5,
        "9": 3,
        "10": 1,
        "11": 2,
        "12": 3,
        "13": 3,
        "14": 2
      },
      "f": {
        "0": 4,
        "1": 16,
        "2": 10,
        "3": 3
      },
      "b": {
        "0": [
          16,
          14,
          4
        ],
        "1": [
          2,
          8
        ],
        "2": [
          0,
          8
        ],
        "3": [
          8,
          0
        ],
        "4": [
          5,
          3
        ],
        "5": [
          1,
          4
        ],
        "6": [
          5,
          2,
          1
        ],
        "7": [
          1,
          2
        ],
        "8": [
          3,
          1
        ],
        "9": [
          2,
          1
        ]
      },
      "meta": {
        "lastBranch": 10,
        "lastFunction": 4,
        "lastStatement": 15,
        "seen": {
          "f:7:16:7:31": 0,
          "s:8:1:8:Infinity": 0,
          "f:11:16:11:27": 1,
          "s:12:1:12:Infinity": 1,
          "b:12:8:12:17:12:17:12:57:12:57:12:Infinity": 0,
          "f:15:16:15:31": 2,
          "b:16:1:18:Infinity:undefined:undefined:undefined:undefined": 1,
          "s:16:1:18:Infinity": 2,
          "s:17:2:17:Infinity": 3,
          "b:20:1:26:Infinity:undefined:undefined:undefined:undefined": 2,
          "s:20:1:26:Infinity": 4,
          "b:20:5:20:26:20:26:20:42": 3,
          "s:21:2:25:Infinity": 5,
          "b:29:1:44:Infinity:undefined:undefined:undefined:undefined": 4,
          "s:29:1:44:Infinity": 6,
          "s:30:48:39:Infinity": 7,
          "s:40:2:43:Infinity": 8,
          "b:41:52:41:58:41:58:41:Infinity": 5,
          "b:42:12:42:41:42:41:42:58:42:58:42:Infinity": 6,
          "b:47:1:52:Infinity:undefined:undefined:undefined:undefined": 7,
          "s:47:1:52:Infinity": 9,
          "b:47:5:47:35:47:35:47:68": 8,
          "s:48:2:51:Infinity": 10,
          "s:55:1:59:Infinity": 11,
          "b:57:11:57:29:57:29:57:Infinity": 9,
          "f:62:16:62:33": 3,
          "s:63:1:67:Infinity": 12,
          "s:64:2:64:Infinity": 13,
          "s:66:2:66:Infinity": 14
        }
      }
    }
  }
}